<?xml version="1.0" encoding="UTF-8"?>
<testsuite name="smPDF" tests="272" failures="0" errors="0" time="0.541">
  <testcase classname="TGeometryTests" name="Test_PixelsToPoints_72dpi_isIdentity" time="0.000" />
  <testcase classname="TGeometryTests" name="Test_PixelsToPoints_300dpi_oneInch" time="0.000" />
  <testcase classname="TGeometryTests" name="Test_PixelsToPoints_96dpi_arbitrary" time="0.000" />
  <testcase classname="TGeometryTests" name="Test_PointsToPixels_72dpi_isIdentity" time="0.000" />
  <testcase classname="TGeometryTests" name="Test_PointsToPixels_300dpi_oneInch" time="0.000" />
  <testcase classname="TGeometryTests" name="Test_PointsToPixels_roundTrip" time="0.000" />
  <testcase classname="TGeometryTests" name="Test_FlipY_topRow_becomesBottomRow" time="0.000" />
  <testcase classname="TGeometryTests" name="Test_FlipY_bottomRow_becomesTopRow" time="0.000" />
  <testcase classname="TGeometryTests" name="Test_FlipY_middle_unchanged" time="0.000" />
  <testcase classname="TGeometryTests" name="Test_PixelToPdfPoint_topLeft_becomesTopOfPage" time="0.000" />
  <testcase classname="TGeometryTests" name="Test_PixelToPdfPoint_bottomLeft_becomesOrigin" time="0.000" />
  <testcase classname="TGeometryTests" name="Test_PixelToPdfPoint_300dpi_LetterPage" time="0.000" />
  <testcase classname="TGeometryTests" name="Test_FormatPdfNumber_integer_noDecimals" time="0.000" />
  <testcase classname="TGeometryTests" name="Test_FormatPdfNumber_fractional_threeDecimals" time="0.000" />
  <testcase classname="TGeometryTests" name="Test_FormatPdfNumber_negativeZero_normalised" time="0.000" />
  <testcase classname="TGeometryTests" name="Test_FormatPdfNumber_culture_independent" time="0.000" />
  <testcase classname="TWriterTests" name="Test_NewWriter_emitsPdfHeader" time="0.000" />
  <testcase classname="TWriterTests" name="Test_NewWriter_emitsBinaryComment" time="0.000" />
  <testcase classname="TWriterTests" name="Test_BeginObject_returnsSequentialIdsStartingAtOne" time="0.000" />
  <testcase classname="TWriterTests" name="Test_BeginObject_writesObjMarker" time="0.000" />
  <testcase classname="TWriterTests" name="Test_EndObject_writesEndobjMarker" time="0.000" />
  <testcase classname="TWriterTests" name="Test_WriteName_simple" time="0.000" />
  <testcase classname="TWriterTests" name="Test_WriteInt_emitsDigits" time="0.000" />
  <testcase classname="TWriterTests" name="Test_WriteNumber_usesPdfFormatting" time="0.000" />
  <testcase classname="TWriterTests" name="Test_WriteRef_emitsObjNumberR" time="0.000" />
  <testcase classname="TWriterTests" name="Test_WriteBool" time="0.000" />
  <testcase classname="TWriterTests" name="Test_WriteNull" time="0.000" />
  <testcase classname="TWriterTests" name="Test_Dict_emitsAngleBrackets" time="0.000" />
  <testcase classname="TWriterTests" name="Test_Dict_keyValueSpacing" time="0.000" />
  <testcase classname="TWriterTests" name="Test_Array_emitsSquareBrackets" time="0.000" />
  <testcase classname="TWriterTests" name="Test_LiteralString_simpleAscii" time="0.000" />
  <testcase classname="TWriterTests" name="Test_LiteralString_escapesParens" time="0.000" />
  <testcase classname="TWriterTests" name="Test_LiteralString_escapesBackslash" time="0.000" />
  <testcase classname="TWriterTests" name="Test_HexString_emitsAngleBrackets" time="0.000" />
  <testcase classname="TWriterTests" name="Test_Finalize_includesXrefSection" time="0.000" />
  <testcase classname="TWriterTests" name="Test_Finalize_includesTrailer" time="0.000" />
  <testcase classname="TWriterTests" name="Test_Finalize_endsWithStartxrefAndEOF" time="0.000" />
  <testcase classname="TWriterTests" name="Test_Finalize_xrefHasCorrectOffsetForObject1" time="0.000" />
  <testcase classname="TWriterTests" name="Test_Finalize_minimalCatalogIsWellFormed" time="0.000" />
  <testcase classname="TWriterTests" name="Test_ReserveObjectId_assignsSequentialIdsAfterBeginObject" time="0.000" />
  <testcase classname="TWriterTests" name="Test_ReserveObjectId_canBeFilledLaterByBeginReservedObject" time="0.000" />
  <testcase classname="TWriterTests" name="Test_ReserveObjectId_supportsForwardReferenceFromEarlierObject" time="0.000" />
  <testcase classname="TWriterTests" name="Test_Finalize_unfilledReservedObjectRaises" time="0.000" />
  <testcase classname="TWriterTests" name="Test_EmitStreamObject_writesLengthAndStreamMarkers" time="0.000" />
  <testcase classname="TWriterTests" name="Test_EmitStreamObject_emptyContent" time="0.000" />
  <testcase classname="TWriterTests" name="Test_EmitStreamObject_returnsObjectId" time="0.000" />
  <testcase classname="TWriterTests" name="Test_EmitStreamObject_contentBytesAreVerbatim" time="0.000" />
  <testcase classname="TPageTests" name="Test_Page_dimensionsInPixels" time="0.000" />
  <testcase classname="TPageTests" name="Test_Page_dimensionsInPoints_72dpi" time="0.000" />
  <testcase classname="TPageTests" name="Test_Page_dimensionsInPoints_300dpi" time="0.000" />
  <testcase classname="TPageTests" name="Test_Page_Emit_writesPageObject" time="0.000" />
  <testcase classname="TPageTests" name="Test_Page_Emit_referencesParent" time="0.000" />
  <testcase classname="TPageTests" name="Test_Page_Emit_emitsMediaBoxInPoints" time="0.000" />
  <testcase classname="TPageTests" name="Test_Page_Emit_returnsObjectId" time="0.000" />
  <testcase classname="TPageTests" name="Test_Page_Emit_includesContentsRef" time="0.000" />
  <testcase classname="TPageTests" name="Test_Page_Emit_emptyPageHasZeroLengthStream" time="0.000" />
  <testcase classname="TPageTests" name="Test_SaveState_emitsLowerQ" time="0.000" />
  <testcase classname="TPageTests" name="Test_RestoreState_emitsUpperQ" time="0.000" />
  <testcase classname="TPageTests" name="Test_SetStrokeRGB_emitsRG" time="0.000" />
  <testcase classname="TPageTests" name="Test_SetFillRGB_emitsLowerRg" time="0.000" />
  <testcase classname="TPageTests" name="Test_SetLineWidthPt_emitsW" time="0.000" />
  <testcase classname="TPageTests" name="Test_SetDashPattern_emitsDArrayAndPhase" time="0.000" />
  <testcase classname="TPageTests" name="Test_SetLineCap_emitsJ" time="0.000" />
  <testcase classname="TPageTests" name="Test_SetLineJoin_emitsLowerJ" time="0.000" />
  <testcase classname="TPageTests" name="Test_UserMoveTo_emitsM_withConvertedPoint" time="0.000" />
  <testcase classname="TPageTests" name="Test_UserLineTo_emitsL_withConvertedPoint" time="0.000" />
  <testcase classname="TPageTests" name="Test_UserRectanglePath_emitsRe_withConvertedDimensions" time="0.000" />
  <testcase classname="TPageTests" name="Test_UserOvalPath_emitsFourCubicCurves" time="0.000" />
  <testcase classname="TPageTests" name="Test_ClosePath_emitsH" time="0.000" />
  <testcase classname="TPageTests" name="Test_Stroke_emitsUpperS" time="0.000" />
  <testcase classname="TPageTests" name="Test_FillEvenOdd_emitsFstar" time="0.000" />
  <testcase classname="TPageTests" name="Test_FillAndStrokeEvenOdd_emitsBstar" time="0.000" />
  <testcase classname="TPageTests" name="Test_DiscardPath_emitsN" time="0.000" />
  <testcase classname="TPageTests" name="Test_SetClipRect_emitsRectThenWstarN" time="0.000" />
  <testcase classname="TPageTests" name="Test_UseFont_firstReturnsF1" time="0.000" />
  <testcase classname="TPageTests" name="Test_UseFont_secondReturnsF2" time="0.000" />
  <testcase classname="TPageTests" name="Test_UseFont_isIdempotent" time="0.000" />
  <testcase classname="TPageTests" name="Test_UsedFontNames_returnsInsertionOrder" time="0.000" />
  <testcase classname="TPageTests" name="Test_BeginText_emitsBT" time="0.000" />
  <testcase classname="TPageTests" name="Test_EndText_emitsET" time="0.000" />
  <testcase classname="TPageTests" name="Test_SetTextFont_emitsTfWithResourceAndSize" time="0.000" />
  <testcase classname="TPageTests" name="Test_SetTextMatrixUserBaseline_emitsFlippedY" time="0.000" />
  <testcase classname="TPageTests" name="Test_ShowTextAnsi_emitsParensAndTj" time="0.000" />
  <testcase classname="TPageTests" name="Test_ShowTextAnsi_escapesParens" time="0.000" />
  <testcase classname="TPageTests" name="Test_ShowTextAnsi_escapesBackslash" time="0.000" />
  <testcase classname="TPageTests" name="Test_ShowTextAnsi_passesHighBitBytesUnchanged" time="0.000" />
  <testcase classname="TPageTests" name="Test_Emit_withoutFontMap_omitsFontResourceDict" time="0.000" />
  <testcase classname="TPageTests" name="Test_Emit_withFontIdsAndUsedFonts_emitsFontDict" time="0.000" />
  <testcase classname="TDrawingTests" name="Test_DrawLine_emitsMoveLineStroke" time="0.003" />
  <testcase classname="TDrawingTests" name="Test_DrawLine_setsStrokeColorFromPen" time="0.003" />
  <testcase classname="TDrawingTests" name="Test_DrawLine_setsLineWidth" time="0.003" />
  <testcase classname="TDrawingTests" name="Test_DrawLine_penNone_emitsNothing" time="0.003" />
  <testcase classname="TDrawingTests" name="Test_DrawLine_dashedPen_emitsDashArray" time="0.003" />
  <testcase classname="TDrawingTests" name="Test_DrawBox_strokeAndFill_emitsBStar" time="0.002" />
  <testcase classname="TDrawingTests" name="Test_DrawBox_strokeOnly_emitsStroke" time="0.003" />
  <testcase classname="TDrawingTests" name="Test_DrawBox_fillOnly_emitsFillEvenOdd" time="0.013" />
  <testcase classname="TDrawingTests" name="Test_DrawBox_neitherStrokeNorFill_emitsNothing" time="0.002" />
  <testcase classname="TDrawingTests" name="Test_DrawBox_emitsRectangleOperator" time="0.003" />
  <testcase classname="TDrawingTests" name="Test_DrawOval_emitsFourCurveOperators" time="0.002" />
  <testcase classname="TDrawingTests" name="Test_DrawOval_solidPenClearBrush_emitsStroke" time="0.002" />
  <testcase classname="TDrawingTests" name="Test_DrawMultiLine_emitsMoveAndLines" time="0.012" />
  <testcase classname="TDrawingTests" name="Test_DrawMultiLine_emitsStrokeNotFill" time="0.003" />
  <testcase classname="TDrawingTests" name="Test_DrawMultiLine_singlePoint_emitsNothing" time="0.002" />
  <testcase classname="TDrawingTests" name="Test_DrawPolygon_singleSquare_emitsOneClose" time="0.002" />
  <testcase classname="TDrawingTests" name="Test_DrawPolygon_squareWithSquareHole_emitsTwoCloses" time="0.002" />
  <testcase classname="TDrawingTests" name="Test_DrawPolygon_unclosedFinalSubpath_isAutoClosed" time="0.003" />
  <testcase classname="TDrawingTests" name="Test_DrawPolygon_consecutiveDuplicateOfStart_doesNotPrematurelyClose" time="0.002" />
  <testcase classname="TDrawingTests" name="Test_DrawPolygon_usesEvenOddFillRule" time="0.002" />
  <testcase classname="TDrawingTests" name="Test_DrawPolygon_strokeOnly_emitsStrokeWithoutFill" time="0.012" />
  <testcase classname="TDrawingTests" name="Test_DrawPolygonClipped_emitsClipBeforePath" time="0.003" />
  <testcase classname="TDrawingTests" name="Test_DrawPolygonClipped_emitsTwoQOperators" time="0.003" />
  <testcase classname="TFontTests" name="Test_Resolve_HelveticaPlain" time="0.000" />
  <testcase classname="TFontTests" name="Test_Resolve_HelveticaBold" time="0.000" />
  <testcase classname="TFontTests" name="Test_Resolve_HelveticaItalic" time="0.000" />
  <testcase classname="TFontTests" name="Test_Resolve_HelveticaBoldItalic" time="0.000" />
  <testcase classname="TFontTests" name="Test_Resolve_ArialAliasesToHelvetica" time="0.000" />
  <testcase classname="TFontTests" name="Test_Resolve_TimesPlain" time="0.000" />
  <testcase classname="TFontTests" name="Test_Resolve_TimesBoldUsesTimesBoldNotOblique" time="0.000" />
  <testcase classname="TFontTests" name="Test_Resolve_TimesItalicUsesItalicNotOblique" time="0.000" />
  <testcase classname="TFontTests" name="Test_Resolve_CourierAllVariants" time="0.000" />
  <testcase classname="TFontTests" name="Test_Resolve_SymbolIgnoresBoldItalic" time="0.000" />
  <testcase classname="TFontTests" name="Test_Resolve_UnknownFallsBackToHelvetica" time="0.000" />
  <testcase classname="TFontTests" name="Test_Resolve_CaseInsensitive" time="0.000" />
  <testcase classname="TFontTests" name="Test_PdfName_HelveticaBold_isHyphenated" time="0.000" />
  <testcase classname="TFontTests" name="Test_PdfName_TimesRoman_includesRomanSuffix" time="0.000" />
  <testcase classname="TFontTests" name="Test_IsSymbolic_trueForSymbolAndDingbats" time="0.000" />
  <testcase classname="TFontTests" name="Test_IsSymbolic_falseForOthers" time="0.000" />
  <testcase classname="TFontTests" name="Test_CharWidth_HelveticaCapitalA" time="0.000" />
  <testcase classname="TFontTests" name="Test_CharWidth_HelveticaSpace" time="0.000" />
  <testcase classname="TFontTests" name="Test_CharWidth_HelveticaBold_widerThanRegular" time="0.000" />
  <testcase classname="TFontTests" name="Test_CharWidth_TimesCapitalM" time="0.000" />
  <testcase classname="TFontTests" name="Test_CharWidth_CourierAllChars_isMonospace" time="0.000" />
  <testcase classname="TFontTests" name="Test_CharWidth_outOfRangeFallsBackTo500" time="0.000" />
  <testcase classname="TFontTests" name="Test_TextWidth_HelveticaHello" time="0.000" />
  <testcase classname="TFontTests" name="Test_TextWidth_emptyStringIsZero" time="0.000" />
  <testcase classname="TFontTests" name="Test_TextWidth_scalesWithSize" time="0.000" />
  <testcase classname="TFontTests" name="Test_Ascent_HelveticaAt12pt" time="0.000" />
  <testcase classname="TFontTests" name="Test_Descent_TimesAt10pt" time="0.000" />
  <testcase classname="TFontTests" name="Test_LineHeight_isOnePointTwoOfSize" time="0.000" />
  <testcase classname="TFontTests" name="Test_StringToWinAnsi_pureAscii" time="0.000" />
  <testcase classname="TFontTests" name="Test_StringToWinAnsi_latin1Supplement" time="0.000" />
  <testcase classname="TFontTests" name="Test_StringToWinAnsi_unmappedBecomesQuestionMark" time="0.000" />
  <testcase classname="TFontTests" name="Test_StringToWinAnsi_emptyString" time="0.000" />
  <testcase classname="TTextTests" name="Test_DrawText_emitsBeginTextEndText" time="0.003" />
  <testcase classname="TTextTests" name="Test_DrawText_emitsTfWithFontResourceAndSize" time="0.003" />
  <testcase classname="TTextTests" name="Test_DrawText_emitsTjWithEscapedString" time="0.002" />
  <testcase classname="TTextTests" name="Test_DrawText_emitsTextMatrix" time="0.002" />
  <testcase classname="TTextTests" name="Test_DrawText_emptyStringEmitsNothing" time="0.003" />
  <testcase classname="TTextTests" name="Test_FontDict_emittedForHelveticaUsage" time="0.002" />
  <testcase classname="TTextTests" name="Test_FontDict_includesWinAnsiEncodingForLatinFonts" time="0.015" />
  <testcase classname="TTextTests" name="Test_FontDict_omitsEncodingForSymbol" time="0.005" />
  <testcase classname="TTextTests" name="Test_BoldItalic_resolvesToBoldObliquePdfName" time="0.019" />
  <testcase classname="TTextTests" name="Test_TimesBoldItalic_resolvesToBoldItalicPdfName" time="0.003" />
  <testcase classname="TTextTests" name="Test_TwoFontsSamePage_getDistinctResourceAliases" time="0.003" />
  <testcase classname="TTextTests" name="Test_SameFontTwice_reusesSameResource" time="0.004" />
  <testcase classname="TTextTests" name="Test_TextFill_usesFontColor" time="0.003" />
  <testcase classname="TTextTests" name="Test_DrawText_leftAlignedInRect_xEqualsRectLeft" time="0.003" />
  <testcase classname="TTextTests" name="Test_DrawText_rightAlignedInRect_textEndsAtRectRight" time="0.003" />
  <testcase classname="TTextTests" name="Test_DrawText_centerAlignedInRect_textCentered" time="0.019" />
  <testcase classname="TTextTests" name="Test_DrawText_inRect_autoSizesToFitHeight" time="0.005" />
  <testcase classname="TTextTests" name="Test_DrawText_inRect_doublingRectDoublesFontSize" time="0.029" />
  <testcase classname="TTextTests" name="Test_DrawParagraph_singleLineFits_emitsOneTj" time="0.003" />
  <testcase classname="TTextTests" name="Test_DrawParagraph_longTextWrapsToMultipleLines" time="0.017" />
  <testcase classname="TTextTests" name="Test_DrawParagraph_padding_doubleProducesGreaterLineHeight" time="0.008" />
  <testcase classname="TTextTests" name="Test_Underline_emitsStrokeBesidesText" time="0.004" />
  <testcase classname="TTextTests" name="Test_Underline_disabled_emitsOnlyText" time="0.003" />
  <testcase classname="TTextTests" name="Test_StrokeStyle_isOff_byDefault" time="0.003" />
  <testcase classname="TTextTests" name="Test_StrokeStyle_None_emitsNoTextRenderingMode" time="0.004" />
  <testcase classname="TTextTests" name="Test_StrokeStyle_Medium_emitsFillAndStrokeMode" time="0.004" />
  <testcase classname="TTextTests" name="Test_StrokeStyle_setsStrokeColorAndWidth" time="0.004" />
  <testcase classname="TTextTests" name="Test_StrokeStyle_widthScalesByStyle" time="0.008" />
  <testcase classname="TTextTests" name="Test_TextWidth_emptyStringIsZero" time="0.000" />
  <testcase classname="TTextTests" name="Test_TextWidth_nonEmptyIsPositive" time="0.000" />
  <testcase classname="TTextTests" name="Test_TextWidth_scalesWithSize" time="0.000" />
  <testcase classname="TTextTests" name="Test_TextWidth_boldWiderThanRegular" time="0.000" />
  <testcase classname="TTextTests" name="Test_TextHeight_isLineHeightInPixels" time="0.000" />
  <testcase classname="TTextTests" name="Test_TextHeight_emptyStringStillReturnsLineHeight" time="0.000" />
  <testcase classname="TTextTests" name="Test_TextExtent_combinesWidthAndHeight" time="0.000" />
  <testcase classname="TTextTests" name="Test_MeasureParagraph_singleLineFits_returnsOneLineHeight" time="0.000" />
  <testcase classname="TTextTests" name="Test_MeasureParagraph_longText_returnsMultipleLines" time="0.000" />
  <testcase classname="TTextTests" name="Test_MeasureParagraph_doubleSpacingDoublesHeight" time="0.000" />
  <testcase classname="TTextTests" name="Test_MeasureParagraph_emptyTextReturnsZero" time="0.000" />
  <testcase classname="TTextTests" name="Test_TextWidth_beforeNewPage_raisesEPDFError" time="0.000" />
  <testcase classname="TTextTests" name="Test_DrawText_brushClear_emitsNoBackgroundRect" time="0.005" />
  <testcase classname="TTextTests" name="Test_DrawText_brushSolid_emitsFilledRectBeforeText" time="0.004" />
  <testcase classname="TTextTests" name="Test_DrawText_brushSolid_xyOverload_rectMatchesTextBounds" time="0.003" />
  <testcase classname="TTextTests" name="Test_DrawText_brushSolid_rectOverload_rectMatchesARect" time="0.003" />
  <testcase classname="TTextTests" name="Test_DrawText_brushSolid_doesNotConsultPen" time="0.004" />
  <testcase classname="TTextTests" name="Test_DrawParagraph_brushSolid_emitsSingleBackgroundFillNotPerLine" time="0.003" />
  <testcase classname="TTextTests" name="Test_DrawText_zeroAngle_emitsNoCm" time="0.003" />
  <testcase classname="TTextTests" name="Test_DrawText_explicitZeroAngle_emitsNoCm" time="0.002" />
  <testcase classname="TTextTests" name="Test_DrawText_ninetyDegrees_emitsCmAndIsBalancedByQ" time="0.002" />
  <testcase classname="TTextTests" name="Test_DrawText_ninetyDegrees_cmValuesMatchFormula" time="0.004" />
  <testcase classname="TTTFTests" name="Test_Load_Arial_succeeds" time="0.001" />
  <testcase classname="TTTFTests" name="Test_Load_NonExistentFile_raises" time="0.000" />
  <testcase classname="TTTFTests" name="Test_Load_RandomBytes_raises" time="0.000" />
  <testcase classname="TTTFTests" name="Test_Arial_unitsPerEmIsTypical" time="0.001" />
  <testcase classname="TTTFTests" name="Test_Arial_numGlyphsIsPositive" time="0.001" />
  <testcase classname="TTTFTests" name="Test_Arial_familyNameIsArial" time="0.001" />
  <testcase classname="TTTFTests" name="Test_Arial_postScriptNameSet" time="0.001" />
  <testcase classname="TTTFTests" name="Test_Arial_isNotItalic" time="0.001" />
  <testcase classname="TTTFTests" name="Test_Arial_ascentIsPositive" time="0.001" />
  <testcase classname="TTTFTests" name="Test_Arial_descentIsNegative" time="0.001" />
  <testcase classname="TTTFTests" name="Test_Arial_capHeightIsPositive" time="0.001" />
  <testcase classname="TTTFTests" name="Test_Arial_glyphIndexForCapitalA_isPositive" time="0.001" />
  <testcase classname="TTTFTests" name="Test_Arial_glyphIndexForUnknown_isZero" time="0.001" />
  <testcase classname="TTTFTests" name="Test_Arial_widthForA_matchesCapitalGlyph" time="0.001" />
  <testcase classname="TTTFTests" name="Test_Arial_widthForSpace_isPositive" time="0.001" />
  <testcase classname="TTTFTests" name="Test_Arial_widthForControlChar_isZero" time="0.001" />
  <testcase classname="TTTFTests" name="Test_CourierNew_isFixedPitchFlag" time="0.001" />
  <testcase classname="TTTFTests" name="Test_CourierNew_allAsciiCharsHaveSameWidth" time="0.001" />
  <testcase classname="TTTFTests" name="Test_FontUnitsToPdf_at1000UnitsPerEm_isIdentity" time="0.001" />
  <testcase classname="TTTFTests" name="Test_FontUnitsToPdf_at2048UnitsPerEm_scales" time="0.001" />
  <testcase classname="TTTFTests" name="Test_PdfFlags_includeNonsymbolic" time="0.001" />
  <testcase classname="TWinFontsTests" name="Test_Lookup_Arial_returnsExistingPath" time="0.006" />
  <testcase classname="TWinFontsTests" name="Test_Lookup_ArialBold_returnsDifferentPath" time="0.000" />
  <testcase classname="TWinFontsTests" name="Test_Lookup_ArialBoldItalic_returnsDifferentPath" time="0.000" />
  <testcase classname="TWinFontsTests" name="Test_Lookup_NonExistentFont_returnsEmpty" time="0.000" />
  <testcase classname="TWinFontsTests" name="Test_Lookup_Calibri_returnsExistingPath" time="0.000" />
  <testcase classname="TWinFontsTests" name="Test_Lookup_BoldFallbackToRegular_whenNoBoldVariant" time="0.000" />
  <testcase classname="TWinFontsTests" name="Test_Lookup_CaseInsensitive" time="0.000" />
  <testcase classname="TTTFEmitTests" name="Test_Arial_emitsTrueTypeSubtype" time="0.017" />
  <testcase classname="TTTFEmitTests" name="Test_Arial_emitsFontDescriptor" time="0.020" />
  <testcase classname="TTTFEmitTests" name="Test_Arial_emitsFontFile2WithLength1" time="0.017" />
  <testcase classname="TTTFEmitTests" name="Test_Arial_baseFontMatchesPostScriptName" time="0.016" />
  <testcase classname="TTTFEmitTests" name="Test_Arial_widthsArrayHas224Entries" time="0.017" />
  <testcase classname="TTTFEmitTests" name="Test_Arial_fontDescriptorIncludesFontBBox" time="0.017" />
  <testcase classname="TTTFEmitTests" name="Test_Arial_fontDescriptorHasNonsymbolicFlag" time="0.017" />
  <testcase classname="TTTFEmitTests" name="Test_UnknownFontName_fallsBackToHelvetica" time="0.003" />
  <testcase classname="TTTFEmitTests" name="Test_MixedTTFAndStandard14_eachGetOwnFontDict" time="0.016" />
  <testcase classname="TTTFEmitTests" name="Test_ArialBold_resolvesToBoldFile" time="0.016" />
  <testcase classname="TImageTests" name="Test_Flate_emptyInput_producesValidStream" time="0.000" />
  <testcase classname="TImageTests" name="Test_Flate_helloWorldRoundTrip" time="0.000" />
  <testcase classname="TImageTests" name="Test_Flate_largeRedundantInput_compressesWell" time="0.000" />
  <testcase classname="TImageTests" name="Test_ParseJpeg_emptyBytes_returnsFalse" time="0.000" />
  <testcase classname="TImageTests" name="Test_ParseJpeg_garbage_returnsFalse" time="0.000" />
  <testcase classname="TImageTests" name="Test_ParseJpeg_minimalValidFrame_parsesDimensions" time="0.000" />
  <testcase classname="TImageTests" name="Test_ParseJpeg_realJpegFromTJpeg_parsesDimensions" time="0.001" />
  <testcase classname="TImageTests" name="Test_ExtractFromBitmap_8x4_returnsRgbBytes" time="0.000" />
  <testcase classname="TImageTests" name="Test_ExtractFromBitmap_redPixel_isAtIndex0" time="0.000" />
  <testcase classname="TImageTests" name="Test_ExtractFromPng_opaque_isOpaqueKind" time="0.000" />
  <testcase classname="TImageTests" name="Test_ExtractFromPng_bodyHas3BytesPerPixel" time="0.000" />
  <testcase classname="TImageTests" name="Test_ExtractImageData_nilGraphic_raises" time="0.000" />
  <testcase classname="TPictureEmitTests" name="Test_DrawPicture_bitmap_emitsImageXObject" time="0.014" />
  <testcase classname="TPictureEmitTests" name="Test_DrawPicture_bitmap_emitsFlateDecode" time="0.004" />
  <testcase classname="TPictureEmitTests" name="Test_DrawPicture_bitmap_includesWidthAndHeightInDict" time="0.003" />
  <testcase classname="TPictureEmitTests" name="Test_DrawPicture_bitmap_emitsCmAndDoOperators" time="0.003" />
  <testcase classname="TPictureEmitTests" name="Test_DrawPicture_bitmap_emitsXObjectResourceEntry" time="0.003" />
  <testcase classname="TPictureEmitTests" name="Test_DrawPicture_pngOpaque_emitsImageXObject" time="0.002" />
  <testcase classname="TPictureEmitTests" name="Test_DrawPicture_pngWithAlpha_emitsSMaskRef" time="0.002" />
  <testcase classname="TPictureEmitTests" name="Test_DrawPicture_pngWithAlpha_emitsTwoImageObjects" time="0.002" />
  <testcase classname="TPictureEmitTests" name="Test_DrawPicture_jpeg_emitsDCTDecodeFilter" time="0.003" />
  <testcase classname="TPictureEmitTests" name="Test_DrawPicture_samePictureTwice_dedupsToSingleXObject" time="0.002" />
  <testcase classname="TPictureEmitTests" name="Test_DrawPicture_beforeNewPage_doesNotRaise" time="0.000" />
  <testcase classname="TIntegrationTests" name="Test_NewDocument_pageCountIsZero" time="0.000" />
  <testcase classname="TIntegrationTests" name="Test_Save_raisesEPDFErrorWhenNoPagesAdded" time="0.001" />
  <testcase classname="TIntegrationTests" name="Test_NewPage_default_increasesPageCount" time="0.000" />
  <testcase classname="TIntegrationTests" name="Test_NewPage_explicit_setsDimensions" time="0.000" />
  <testcase classname="TIntegrationTests" name="Test_NewPage_landscape_swapsDimensions" time="0.000" />
  <testcase classname="TIntegrationTests" name="Test_NewPage_psCustom_requiresExplicitDimensions" time="0.000" />
  <testcase classname="TIntegrationTests" name="Test_NewPage_psCustom_acceptsPositiveDimensions" time="0.000" />
  <testcase classname="TIntegrationTests" name="Test_NewPage_defaultPaperColor_isWhite" time="0.000" />
  <testcase classname="TIntegrationTests" name="Test_NewPage_explicitPaperColor_setsProperty" time="0.000" />
  <testcase classname="TIntegrationTests" name="Test_NewPage_whitePaper_emitsNoBackgroundFill" time="0.002" />
  <testcase classname="TIntegrationTests" name="Test_NewPage_nonWhitePaper_emitsBackgroundFill" time="0.002" />
  <testcase classname="TIntegrationTests" name="Test_DrawLine_beforeNewPage_raisesEPDFError" time="0.000" />
  <testcase classname="TIntegrationTests" name="Test_DrawText_beforeNewPage_raisesEPDFError" time="0.000" />
  <testcase classname="TIntegrationTests" name="Test_Save_singlePage_writesValidPdfFile" time="0.002" />
  <testcase classname="TIntegrationTests" name="Test_Save_singlePage_containsCatalogPagesAndPage" time="0.002" />
  <testcase classname="TIntegrationTests" name="Test_Save_singlePage_correctMediaBoxFor_A4_300dpi" time="0.002" />
  <testcase classname="TIntegrationTests" name="Test_Save_threePages_kidsArrayHasThreeRefs" time="0.002" />
  <testcase classname="TIntegrationTests" name="Test_Save_LetterPortrait_72dpi" time="0.002" />
</testsuite>
